[promodepascoaa.shop/index.html]
[promodepascoaa.shop/js/latest.js]
[analytics.tiktok.com/i18n/pixel/events.js]
[backblue.gif]
[fade.gif]
[index.html]
[promodepascoaa.shop/css/animate.min.css]
[promodepascoaa.shop/images/logocerta.png]
[promodepascoaa.shop/images/cacaulogo.png]
[promodepascoaa.shop/images/cau1.png]
[promodepascoaa.shop/images/brlogo.png]
[promodepascoaa.shop/images/cau2.png]
[promodepascoaa.shop/images/pro1.png]
[promodepascoaa.shop/images/pro2.png]
[promodepascoaa.shop/images/cau3.png]
[promodepascoaa.shop/images/r1.png]
[promodepascoaa.shop/images/r2.png]
[promodepascoaa.shop/url, window.location.href]
[promodepascoaa.shop/index.html]
[promodepascoaa.shop/wa.me]
[promodepascoaa.shop/js/latest.js]
[promodepascoaa.shop/css/animate.min.css]
[promodepascoaa.shop/url, window.location.html]
[promodepascoaa.shop/wa.html]
